App/build/intermediates/manifest_merge_blame_file/debug/manifest-merger-blame-debug-report.txt
1<?xml version="1.0" encoding="utf-8"?>
2<manifest xmlns:android="http://schemas.android.com/apk/res/android"
3    package="com.harrysoft.androidbluetoothserial"
4    android:versionCode="1"
5    android:versionName="1.0" >
6
7    <uses-sdk
8        android:minSdkVersion="24"
8-->src\main\AndroidManifest.xml
9        android:targetSdkVersion="32" />
9-->src\main\AndroidManifest.xml
10
11    <uses-permission android:name="android.permission.BLUETOOTH" />
11-->src\main\AndroidManifest.xml:5:5-68
11-->src\main\AndroidManifest.xml:5:22-65
12    <uses-permission android:name="android.permission.BLUETOOTH_ADMIN" />
12-->src\main\AndroidManifest.xml:6:5-74
12-->src\main\AndroidManifest.xml:6:22-71
13    <uses-permission android:name="android.permission.BLUETOOTH_CONNECT" />
13-->src\main\AndroidManifest.xml:7:5-76
13-->src\main\AndroidManifest.xml:7:22-73
14    <uses-permission android:name="android.permission.BLUETOOTH_SCAN" /> <!-- Include required permissions for Google Maps API to run. -->
14-->[:androidBluetoothSerial] AndroidManifest.xml:12:5-73
14-->[:androidBluetoothSerial] AndroidManifest.xml:12:22-70
15    <uses-permission android:name="android.permission.ACCESS_NETWORK_STATE" />
15-->[com.google.android.gms:play-services-maps:17.0.1] AndroidManifest.xml:23:5-79
15-->[com.google.android.gms:play-services-maps:17.0.1] AndroidManifest.xml:23:22-76
16    <uses-permission android:name="android.permission.INTERNET" />
16-->[com.google.android.gms:play-services-maps:17.0.1] AndroidManifest.xml:24:5-67
16-->[com.google.android.gms:play-services-maps:17.0.1] AndroidManifest.xml:24:22-64
17
18    <uses-feature
18-->[com.google.android.gms:play-services-maps:17.0.1] AndroidManifest.xml:26:5-28:35
19        android:glEsVersion="0x00020000"
19-->[com.google.android.gms:play-services-maps:17.0.1] AndroidManifest.xml:27:9-41
20        android:required="true" />
20-->[com.google.android.gms:play-services-maps:17.0.1] AndroidManifest.xml:28:9-32
21
22    <queries>
22-->[com.google.android.gms:play-services-maps:17.0.1] AndroidManifest.xml:30:5-34:15
23
24        <!-- Needs to be explicitly declared on Android R+ -->
25        <package android:name="com.google.android.apps.maps" />
25-->[com.google.android.gms:play-services-maps:17.0.1] AndroidManifest.xml:33:9-64
25-->[com.google.android.gms:play-services-maps:17.0.1] AndroidManifest.xml:33:18-61
26    </queries>
27
28    <application
28-->src\main\AndroidManifest.xml:9:5-26:19
29        android:allowBackup="true"
29-->src\main\AndroidManifest.xml:10:9-35
30        android:appComponentFactory="androidx.core.app.CoreComponentFactory"
30-->[androidx.core:core:1.5.0] AndroidManifest.xml:24:18-86
31        android:debuggable="true"
32        android:extractNativeLibs="false"
33        android:icon="@mipmap/bluetooth_logo"
33-->src\main\AndroidManifest.xml:11:9-46
34        android:label="@string/app_name"
34-->src\main\AndroidManifest.xml:12:9-41
35        android:requestLegacyExternalStorage="true"
35-->src\main\AndroidManifest.xml:15:9-52
36        android:supportsRtl="true"
36-->src\main\AndroidManifest.xml:13:9-35
37        android:testOnly="true"
38        android:theme="@style/AppTheme" >
38-->src\main\AndroidManifest.xml:14:9-40
39        <activity
39-->src\main\AndroidManifest.xml:16:9-23:20
40            android:name="com.litecdows.androidbluetoothserial.demoapp.MainActivity"
40-->src\main\AndroidManifest.xml:16:19-91
41            android:exported="true"
41-->src\main\AndroidManifest.xml:17:13-36
42            android:label="@string/app_name" >
42-->src\main\AndroidManifest.xml:18:13-45
43            <intent-filter>
43-->src\main\AndroidManifest.xml:19:13-22:29
44                <action android:name="android.intent.action.MAIN" />
44-->src\main\AndroidManifest.xml:20:17-69
44-->src\main\AndroidManifest.xml:20:25-66
45
46                <category android:name="android.intent.category.LAUNCHER" />
46-->src\main\AndroidManifest.xml:21:17-77
46-->src\main\AndroidManifest.xml:21:27-74
47            </intent-filter>
48        </activity>
49        <activity android:name="com.litecdows.androidbluetoothserial.demoapp.ModeSelectionActivity" />
49-->src\main\AndroidManifest.xml:24:9-103
49-->src\main\AndroidManifest.xml:24:19-100
50        <activity android:name="com.litecdows.androidbluetoothserial.demoapp.AboutActivity" />
50-->src\main\AndroidManifest.xml:25:9-95
50-->src\main\AndroidManifest.xml:25:19-92
51        <!-- Needs to be explicitly declared on P+ -->
52        <uses-library
52-->[com.google.android.gms:play-services-maps:17.0.1] AndroidManifest.xml:39:9-41:40
53            android:name="org.apache.http.legacy"
53-->[com.google.android.gms:play-services-maps:17.0.1] AndroidManifest.xml:40:13-50
54            android:required="false" />
54-->[com.google.android.gms:play-services-maps:17.0.1] AndroidManifest.xml:41:13-37
55
56        <activity
56-->[com.google.android.gms:play-services-base:17.0.0] AndroidManifest.xml:23:9-26:75
57            android:name="com.google.android.gms.common.api.GoogleApiActivity"
57-->[com.google.android.gms:play-services-base:17.0.0] AndroidManifest.xml:24:13-79
58            android:exported="false"
58-->[com.google.android.gms:play-services-base:17.0.0] AndroidManifest.xml:25:13-37
59            android:theme="@android:style/Theme.Translucent.NoTitleBar" />
59-->[com.google.android.gms:play-services-base:17.0.0] AndroidManifest.xml:26:13-72
60
61        <meta-data
61-->[com.google.android.gms:play-services-basement:17.0.0] AndroidManifest.xml:23:9-25:69
62            android:name="com.google.android.gms.version"
62-->[com.google.android.gms:play-services-basement:17.0.0] AndroidManifest.xml:24:13-58
63            android:value="@integer/google_play_services_version" />
63-->[com.google.android.gms:play-services-basement:17.0.0] AndroidManifest.xml:25:13-66
64
65        <provider
65-->[androidx.lifecycle:lifecycle-process:2.1.0] AndroidManifest.xml:23:9-27:43
66            android:name="androidx.lifecycle.ProcessLifecycleOwnerInitializer"
66-->[androidx.lifecycle:lifecycle-process:2.1.0] AndroidManifest.xml:24:13-79
67            android:authorities="com.harrysoft.androidbluetoothserial.lifecycle-process"
67-->[androidx.lifecycle:lifecycle-process:2.1.0] AndroidManifest.xml:25:13-69
68            android:exported="false"
68-->[androidx.lifecycle:lifecycle-process:2.1.0] AndroidManifest.xml:26:13-37
69            android:multiprocess="true" />
69-->[androidx.lifecycle:lifecycle-process:2.1.0] AndroidManifest.xml:27:13-40
70    </application>
71
72</manifest>